[23:34:11] [Client thread/INFO]: Setting user: Player787
[23:34:13] [Client thread/INFO]: LWJGL Version: 2.9.4
[23:34:16] [Client thread/INFO]: Reloading ResourceManager: Default, FMLFileResourcePack:Forge Mod Loader, FMLFileResourcePack:Minecraft Forge, FMLFileResourcePack:§4More Fuels Mod
[23:34:18] [Sound Library Loader/INFO]: Starting up SoundSystem...
[23:34:18] [Thread-8/INFO]: Initializing LWJGL OpenAL
[23:34:18] [Thread-8/INFO]: (The LWJGL binding of OpenAL.  For more information, see http://www.lwjgl.org)
[23:34:18] [Thread-8/INFO]: OpenAL initialized.
[23:34:19] [Sound Library Loader/INFO]: Sound engine started
[23:34:21] [Client thread/INFO]: Created: 16x16 textures-atlas
[23:34:22] [Client thread/INFO]: Reloading ResourceManager: Default, FMLFileResourcePack:Forge Mod Loader, FMLFileResourcePack:Minecraft Forge, FMLFileResourcePack:§4More Fuels Mod
[23:34:24] [Client thread/INFO]: SoundSystem shutting down...
[23:34:24] [Client thread/WARN]: Author: Paul Lamb, www.paulscode.com
[23:34:24] [Sound Library Loader/INFO]: Starting up SoundSystem...
[23:34:24] [Thread-10/INFO]: Initializing LWJGL OpenAL
[23:34:24] [Thread-10/INFO]: (The LWJGL binding of OpenAL.  For more information, see http://www.lwjgl.org)
[23:34:24] [Thread-10/INFO]: OpenAL initialized.
[23:34:24] [Sound Library Loader/INFO]: Sound engine started
[23:34:26] [Client thread/INFO]: Created: 1024x512 textures-atlas
[23:34:27] [Realms Notification Availability checker #1/INFO]: Could not authorize you against Realms server: Invalid session id
[23:34:28] [Client thread/INFO]: Stopping!
[23:34:28] [Client thread/INFO]: SoundSystem shutting down...
[23:34:28] [Client thread/WARN]: Author: Paul Lamb, www.paulscode.com
